<?xml version="1.0" encoding="UTF-8"?>
<testsuite name="test [100 times]" tests="1" skipped="0" failures="0" errors="0" timestamp="2017-09-16T15:05:23" hostname="Fearless" time="0.003">
  <properties/>
  <testcase name="classMethod" classname="test [100 times]" time="0.003"/>
  <system-out><![CDATA[]]></system-out>
  <system-err><![CDATA[]]></system-err>
</testsuite>
