<?xml version="1.0" encoding="UTF-8"?>
<testsuite name="net.havox.test.utils.ModelRandomGeneratorTest" tests="100" skipped="0" failures="0" errors="0" timestamp="2017-09-16T15:05:23" hostname="Fearless" time="0.315">
  <properties/>
  <testcase name="[1] test" classname="net.havox.test.utils.ModelRandomGeneratorTest" time="0.016"/>
  <testcase name="[2] test" classname="net.havox.test.utils.ModelRandomGeneratorTest" time="0.008"/>
  <testcase name="[3] test" classname="net.havox.test.utils.ModelRandomGeneratorTest" time="0.005"/>
  <testcase name="[4] test" classname="net.havox.test.utils.ModelRandomGeneratorTest" time="0.005"/>
  <testcase name="[5] test" classname="net.havox.test.utils.ModelRandomGeneratorTest" time="0.004"/>
  <testcase name="[6] test" classname="net.havox.test.utils.ModelRandomGeneratorTest" time="0.005"/>
  <testcase name="[7] test" classname="net.havox.test.utils.ModelRandomGeneratorTest" time="0.004"/>
  <testcase name="[8] test" classname="net.havox.test.utils.ModelRandomGeneratorTest" time="0.004"/>
  <testcase name="[9] test" classname="net.havox.test.utils.ModelRandomGeneratorTest" time="0.005"/>
  <testcase name="[10] test" classname="net.havox.test.utils.ModelRandomGeneratorTest" time="0.004"/>
  <testcase name="[11] test" classname="net.havox.test.utils.ModelRandomGeneratorTest" time="0.004"/>
  <testcase name="[12] test" classname="net.havox.test.utils.ModelRandomGeneratorTest" time="0.008"/>
  <testcase name="[13] test" classname="net.havox.test.utils.ModelRandomGeneratorTest" time="0.004"/>
  <testcase name="[14] test" classname="net.havox.test.utils.ModelRandomGeneratorTest" time="0.004"/>
  <testcase name="[15] test" classname="net.havox.test.utils.ModelRandomGeneratorTest" time="0.005"/>
  <testcase name="[16] test" classname="net.havox.test.utils.ModelRandomGeneratorTest" time="0.005"/>
  <testcase name="[17] test" classname="net.havox.test.utils.ModelRandomGeneratorTest" time="0.003"/>
  <testcase name="[18] test" classname="net.havox.test.utils.ModelRandomGeneratorTest" time="0.003"/>
  <testcase name="[19] test" classname="net.havox.test.utils.ModelRandomGeneratorTest" time="0.003"/>
  <testcase name="[20] test" classname="net.havox.test.utils.ModelRandomGeneratorTest" time="0.003"/>
  <testcase name="[21] test" classname="net.havox.test.utils.ModelRandomGeneratorTest" time="0.003"/>
  <testcase name="[22] test" classname="net.havox.test.utils.ModelRandomGeneratorTest" time="0.003"/>
  <testcase name="[23] test" classname="net.havox.test.utils.ModelRandomGeneratorTest" time="0.003"/>
  <testcase name="[24] test" classname="net.havox.test.utils.ModelRandomGeneratorTest" time="0.003"/>
  <testcase name="[25] test" classname="net.havox.test.utils.ModelRandomGeneratorTest" time="0.003"/>
  <testcase name="[26] test" classname="net.havox.test.utils.ModelRandomGeneratorTest" time="0.002"/>
  <testcase name="[27] test" classname="net.havox.test.utils.ModelRandomGeneratorTest" time="0.003"/>
  <testcase name="[28] test" classname="net.havox.test.utils.ModelRandomGeneratorTest" time="0.003"/>
  <testcase name="[29] test" classname="net.havox.test.utils.ModelRandomGeneratorTest" time="0.003"/>
  <testcase name="[30] test" classname="net.havox.test.utils.ModelRandomGeneratorTest" time="0.002"/>
  <testcase name="[31] test" classname="net.havox.test.utils.ModelRandomGeneratorTest" time="0.003"/>
  <testcase name="[32] test" classname="net.havox.test.utils.ModelRandomGeneratorTest" time="0.003"/>
  <testcase name="[33] test" classname="net.havox.test.utils.ModelRandomGeneratorTest" time="0.002"/>
  <testcase name="[34] test" classname="net.havox.test.utils.ModelRandomGeneratorTest" time="0.003"/>
  <testcase name="[35] test" classname="net.havox.test.utils.ModelRandomGeneratorTest" time="0.003"/>
  <testcase name="[36] test" classname="net.havox.test.utils.ModelRandomGeneratorTest" time="0.003"/>
  <testcase name="[37] test" classname="net.havox.test.utils.ModelRandomGeneratorTest" time="0.003"/>
  <testcase name="[38] test" classname="net.havox.test.utils.ModelRandomGeneratorTest" time="0.002"/>
  <testcase name="[39] test" classname="net.havox.test.utils.ModelRandomGeneratorTest" time="0.002"/>
  <testcase name="[40] test" classname="net.havox.test.utils.ModelRandomGeneratorTest" time="0.002"/>
  <testcase name="[41] test" classname="net.havox.test.utils.ModelRandomGeneratorTest" time="0.002"/>
  <testcase name="[42] test" classname="net.havox.test.utils.ModelRandomGeneratorTest" time="0.003"/>
  <testcase name="[43] test" classname="net.havox.test.utils.ModelRandomGeneratorTest" time="0.002"/>
  <testcase name="[44] test" classname="net.havox.test.utils.ModelRandomGeneratorTest" time="0.003"/>
  <testcase name="[45] test" classname="net.havox.test.utils.ModelRandomGeneratorTest" time="0.003"/>
  <testcase name="[46] test" classname="net.havox.test.utils.ModelRandomGeneratorTest" time="0.002"/>
  <testcase name="[47] test" classname="net.havox.test.utils.ModelRandomGeneratorTest" time="0.002"/>
  <testcase name="[48] test" classname="net.havox.test.utils.ModelRandomGeneratorTest" time="0.002"/>
  <testcase name="[49] test" classname="net.havox.test.utils.ModelRandomGeneratorTest" time="0.002"/>
  <testcase name="[50] test" classname="net.havox.test.utils.ModelRandomGeneratorTest" time="0.003"/>
  <testcase name="[51] test" classname="net.havox.test.utils.ModelRandomGeneratorTest" time="0.002"/>
  <testcase name="[52] test" classname="net.havox.test.utils.ModelRandomGeneratorTest" time="0.002"/>
  <testcase name="[53] test" classname="net.havox.test.utils.ModelRandomGeneratorTest" time="0.003"/>
  <testcase name="[54] test" classname="net.havox.test.utils.ModelRandomGeneratorTest" time="0.002"/>
  <testcase name="[55] test" classname="net.havox.test.utils.ModelRandomGeneratorTest" time="0.003"/>
  <testcase name="[56] test" classname="net.havox.test.utils.ModelRandomGeneratorTest" time="0.002"/>
  <testcase name="[57] test" classname="net.havox.test.utils.ModelRandomGeneratorTest" time="0.003"/>
  <testcase name="[58] test" classname="net.havox.test.utils.ModelRandomGeneratorTest" time="0.002"/>
  <testcase name="[59] test" classname="net.havox.test.utils.ModelRandomGeneratorTest" time="0.003"/>
  <testcase name="[60] test" classname="net.havox.test.utils.ModelRandomGeneratorTest" time="0.002"/>
  <testcase name="[61] test" classname="net.havox.test.utils.ModelRandomGeneratorTest" time="0.002"/>
  <testcase name="[62] test" classname="net.havox.test.utils.ModelRandomGeneratorTest" time="0.003"/>
  <testcase name="[63] test" classname="net.havox.test.utils.ModelRandomGeneratorTest" time="0.002"/>
  <testcase name="[64] test" classname="net.havox.test.utils.ModelRandomGeneratorTest" time="0.003"/>
  <testcase name="[65] test" classname="net.havox.test.utils.ModelRandomGeneratorTest" time="0.003"/>
  <testcase name="[66] test" classname="net.havox.test.utils.ModelRandomGeneratorTest" time="0.002"/>
  <testcase name="[67] test" classname="net.havox.test.utils.ModelRandomGeneratorTest" time="0.002"/>
  <testcase name="[68] test" classname="net.havox.test.utils.ModelRandomGeneratorTest" time="0.003"/>
  <testcase name="[69] test" classname="net.havox.test.utils.ModelRandomGeneratorTest" time="0.004"/>
  <testcase name="[70] test" classname="net.havox.test.utils.ModelRandomGeneratorTest" time="0.002"/>
  <testcase name="[71] test" classname="net.havox.test.utils.ModelRandomGeneratorTest" time="0.003"/>
  <testcase name="[72] test" classname="net.havox.test.utils.ModelRandomGeneratorTest" time="0.002"/>
  <testcase name="[73] test" classname="net.havox.test.utils.ModelRandomGeneratorTest" time="0.003"/>
  <testcase name="[74] test" classname="net.havox.test.utils.ModelRandomGeneratorTest" time="0.002"/>
  <testcase name="[75] test" classname="net.havox.test.utils.ModelRandomGeneratorTest" time="0.002"/>
  <testcase name="[76] test" classname="net.havox.test.utils.ModelRandomGeneratorTest" time="0.003"/>
  <testcase name="[77] test" classname="net.havox.test.utils.ModelRandomGeneratorTest" time="0.002"/>
  <testcase name="[78] test" classname="net.havox.test.utils.ModelRandomGeneratorTest" time="0.002"/>
  <testcase name="[79] test" classname="net.havox.test.utils.ModelRandomGeneratorTest" time="0.003"/>
  <testcase name="[80] test" classname="net.havox.test.utils.ModelRandomGeneratorTest" time="0.002"/>
  <testcase name="[81] test" classname="net.havox.test.utils.ModelRandomGeneratorTest" time="0.002"/>
  <testcase name="[82] test" classname="net.havox.test.utils.ModelRandomGeneratorTest" time="0.003"/>
  <testcase name="[83] test" classname="net.havox.test.utils.ModelRandomGeneratorTest" time="0.002"/>
  <testcase name="[84] test" classname="net.havox.test.utils.ModelRandomGeneratorTest" time="0.003"/>
  <testcase name="[85] test" classname="net.havox.test.utils.ModelRandomGeneratorTest" time="0.002"/>
  <testcase name="[86] test" classname="net.havox.test.utils.ModelRandomGeneratorTest" time="0.003"/>
  <testcase name="[87] test" classname="net.havox.test.utils.ModelRandomGeneratorTest" time="0.002"/>
  <testcase name="[88] test" classname="net.havox.test.utils.ModelRandomGeneratorTest" time="0.003"/>
  <testcase name="[89] test" classname="net.havox.test.utils.ModelRandomGeneratorTest" time="0.002"/>
  <testcase name="[90] test" classname="net.havox.test.utils.ModelRandomGeneratorTest" time="0.003"/>
  <testcase name="[91] test" classname="net.havox.test.utils.ModelRandomGeneratorTest" time="0.002"/>
  <testcase name="[92] test" classname="net.havox.test.utils.ModelRandomGeneratorTest" time="0.003"/>
  <testcase name="[93] test" classname="net.havox.test.utils.ModelRandomGeneratorTest" time="0.002"/>
  <testcase name="[94] test" classname="net.havox.test.utils.ModelRandomGeneratorTest" time="0.003"/>
  <testcase name="[95] test" classname="net.havox.test.utils.ModelRandomGeneratorTest" time="0.003"/>
  <testcase name="[96] test" classname="net.havox.test.utils.ModelRandomGeneratorTest" time="0.002"/>
  <testcase name="[97] test" classname="net.havox.test.utils.ModelRandomGeneratorTest" time="0.002"/>
  <testcase name="[98] test" classname="net.havox.test.utils.ModelRandomGeneratorTest" time="0.002"/>
  <testcase name="[99] test" classname="net.havox.test.utils.ModelRandomGeneratorTest" time="0.002"/>
  <testcase name="[100] test" classname="net.havox.test.utils.ModelRandomGeneratorTest" time="0.003"/>
  <system-out><![CDATA[]]></system-out>
  <system-err><![CDATA[]]></system-err>
</testsuite>
